<?xml version="1.0" encoding="UTF-8"?>
<!-- Generated by org.testng.reporters.JUnitReportReporter -->
<testsuite hostname="DESKTOP-6257141" name="FirstMvn.FirstMvn.AppTest" tests="1" failures="0" timestamp="30 Jul 2018 17:03:26 GMT" time="0.014" errors="0">
  <testcase name="appTest" time="0.014" classname="FirstMvn.FirstMvn.AppTest"/>
</testsuite> <!-- FirstMvn.FirstMvn.AppTest -->
